<?xml version="1.0" encoding="UTF-8"?>
<!-- Generated by org.testng.reporters.JUnitReportReporter -->
<testsuite hostname="DESKTOP-QN3PJ5S" failures="0" tests="3" name="First_Script_.Registration_Page_Mvn_" time="0.109" errors="0" timestamp="2024-01-08T16:00:46 IST" skipped="0">
  <testcase classname="First_Script_.Registration_Page_Mvn_" name="ValidEmailId" time="0.091"/>
  <testcase classname="First_Script_.Registration_Page_Mvn_" name="ValidName" time="0.006"/>
  <testcase classname="First_Script_.Registration_Page_Mvn_" name="ValidMobileNo" time="0.012"/>
</testsuite> <!-- First_Script_.Registration_Page_Mvn_ -->
