<?xml version="1.0" encoding="UTF-8"?>
<!-- Generated by org.testng.reporters.JUnitReportReporter -->
<testsuite hostname="DESKTOP-QN3PJ5S" failures="0" tests="1" name="Maven_Script.Scrolling_UpAndDown_Script" time="9.336" errors="0" timestamp="2024-01-04T17:05:53 IST" skipped="0">
  <testcase classname="Maven_Script.Scrolling_UpAndDown_Script" name="Scrollupanddown" time="9.336"/>
</testsuite> <!-- Maven_Script.Scrolling_UpAndDown_Script -->
