<?xml version="1.0" encoding="UTF-8"?>
<!-- Generated by org.testng.reporters.JUnitReportReporter -->
<testsuite hostname="DESKTOP-QN3PJ5S" failures="0" tests="1" name="Maven_Script.Maven_FirstScript" time="3.514" errors="0" timestamp="2024-01-04T16:26:55 IST" skipped="0">
  <testcase classname="Maven_Script.Maven_FirstScript" name="dropdown" time="3.514"/>
</testsuite> <!-- Maven_Script.Maven_FirstScript -->
