<?xml version="1.0" encoding="UTF-8"?>
<!-- Generated by org.testng.reporters.JUnitReportReporter -->
<testsuite hostname="DESKTOP-QN3PJ5S" failures="0" tests="3" name="Third_Script.Home_Page_Mvn_" time="0.014" errors="0" timestamp="2024-01-08T16:00:46 IST" skipped="0">
  <testcase classname="Third_Script.Home_Page_Mvn_" name="NavigationLinks" time="0.004"/>
  <testcase classname="Third_Script.Home_Page_Mvn_" name="SuccessfulHomepageAccess" time="0.003"/>
  <testcase classname="Third_Script.Home_Page_Mvn_" name="ContentsDisplay" time="0.007"/>
</testsuite> <!-- Third_Script.Home_Page_Mvn_ -->
