<?xml version="1.0" encoding="UTF-8"?>
<!-- Generated by org.testng.reporters.JUnitReportReporter -->
<testsuite hostname="DESKTOP-QN3PJ5S" failures="0" tests="4" name="Second_Script.Login_Page_Mvn_" time="0.101" errors="0" timestamp="2024-01-08T19:20:49 IST" skipped="0">
  <testcase classname="Second_Script.Login_Page_Mvn_" name="InvalidCredentials" time="0.006"/>
  <testcase classname="Second_Script.Login_Page_Mvn_" name="ValidCredentials" time="0.003"/>
  <testcase classname="Second_Script.Login_Page_Mvn_" name="EmptyFields" time="0.090"/>
  <testcase classname="Second_Script.Login_Page_Mvn_" name="RememberMeOptions" time="0.002"/>
</testsuite> <!-- Second_Script.Login_Page_Mvn_ -->
